  offGridExpansion=False (from style)
  [attempt 0] 93.41s  in=23001 out=7183
    gate: PASS
{
  "ok": true,
  "attempts": 1,
  "wall_s": 98.3,
  "style": "corporate-saas-clean",
  "out_dir": "/Users/stanchev/Webflow/campaigns-hackathon/design-system-extractor-mine/runs/remote/brand/compose/signup-launch-v2",
  "offGridExpansion": false,
  "sections": [
    {
      "id": "hero",
      "useCase": "hero",
      "archetype": "split",
      "novelty": "reuse",
      "surfaceIntent": "primary",
      "seededFrom": {
        "lib": "project",
        "id": "hero-inset-noise-panel"
      }
    },
    {
      "id": "partners",
      "useCase": "logos",
      "archetype": "stack",
      "novelty": "reuse",
      "surfaceIntent": "primary",
      "seededFrom": {
        "lib": "project",
        "id": "partner-proof-row"
      }
    },
    {
      "id": "features",
      "useCase": "features",
      "archetype": "split",
      "novelty": "adapt",
      "surfaceIntent": "primary",
      "seededFrom": {
        "lib": "project",
        "id": "infra-proof-split"
      }
    },
    {
      "id": "testimonial",
      "useCase": "testimonial",
      "archetype": "cards",
      "novelty": "adapt",
      "surfaceIntent": "primary",
      "seededFrom": {
        "lib": "project",
        "id": "testimonial-card-row"
      }
    },
    {
      "id": "cta",
      "useCase": "cta",
      "archetype": "stack",
      "novelty": "adapt",
      "surfaceIntent": "panel",
      "seededFrom": {
        "lib": "project",
        "id": "cta-inline-banner"
      }
    }
  ],
  "failures": [],
  "schema_errors": [],
  "neverdo_hits": [],
  "scorecard_overall": true
}
