  offGridExpansion=False (from style)
  [attempt 0] 66.45s  in=22362 out=5554
    gate: FAIL ['Surface = brand surface/primary (#eff0f0)', 'Brand assets present (not placeholder)', 'No off-palette hex colors', 'All brand image assets present', 'alignment-resolution', 'token-provenance', 'logo-wall-integrity']
  [attempt 1] 77.54s  in=22893 out=6520
    gate: FAIL ['Surface = brand surface/primary (#eff0f0)', 'Brand assets present (not placeholder)', 'No off-palette hex colors', 'All brand image assets present', 'alignment-resolution', 'token-provenance', 'logo-wall-integrity']
  [attempt 2] 96.55s  in=22893 out=8275
    gate: FAIL ['Surface = brand surface/primary (#eff0f0)', 'Brand assets present (not placeholder)', 'No off-palette hex colors', 'All brand image assets present', 'alignment-resolution', 'token-provenance', 'logo-wall-integrity']
{
  "ok": false,
  "attempts": 3,
  "wall_s": 248.7,
  "style": "corporate-saas-clean",
  "out_dir": "/Users/stanchev/Webflow/campaigns-hackathon/design-system-extractor-mine/runs/remote/brand/compose/signup-launch",
  "offGridExpansion": false,
  "sections": [
    {
      "id": "sec-hero",
      "useCase": "hero",
      "archetype": "stack",
      "novelty": "adapt",
      "surfaceIntent": "inverse",
      "seededFrom": {
        "lib": "project",
        "id": "hero-inset-noise-panel"
      }
    },
    {
      "id": "sec-logos",
      "useCase": "logos",
      "archetype": "stack",
      "novelty": "reuse",
      "surfaceIntent": "primary",
      "seededFrom": {
        "lib": "project",
        "id": "logo-marquee-strip"
      }
    },
    {
      "id": "sec-features",
      "useCase": "features",
      "archetype": "cards",
      "novelty": "adapt",
      "surfaceIntent": "primary",
      "seededFrom": {
        "lib": "project",
        "id": "feature-accordion-deep-accent"
      }
    },
    {
      "id": "sec-testimonial",
      "useCase": "testimonial",
      "archetype": "cards",
      "novelty": "reuse",
      "surfaceIntent": "primary",
      "seededFrom": {
        "lib": "project",
        "id": "testimonial-card-row"
      }
    },
    {
      "id": "sec-cta",
      "useCase": "cta",
      "archetype": "stack",
      "novelty": "reuse",
      "surfaceIntent": "panel",
      "seededFrom": {
        "lib": "project",
        "id": "cta-inline-banner"
      }
    },
    {
      "id": "sec-footer",
      "useCase": "footer",
      "archetype": "stack",
      "novelty": "adapt",
      "surfaceIntent": "primary",
      "seededFrom": {
        "lib": "project",
        "id": "cta-inline-banner"
      }
    }
  ],
  "failures": [
    [
      "Surface = brand surface/primary (#eff0f0)",
      "section renders on the brand surface bg #eff0f0"
    ],
    [
      "Brand assets present (not placeholder)",
      "8 local asset(s), missing=['assets/overlap-vase.jpg', 'assets/hero-staircase.jpg']"
    ],
    [
      "No off-palette hex colors",
      "off-palette=['#dae2e8']; brand palette has 24 hexes"
    ],
    [
      "All brand image assets present",
      "local images=8; missing=['assets/overlap-vase.jpg', 'assets/hero-staircase.jpg']"
    ],
    [
      "alignment-resolution",
      "sec-0: asymmetric anchor 'left' declares NO counterweight device; sec-2: asymmetric anchor 'left' declares NO counterweight device"
    ],
    [
      "token-provenance",
      ".cs-section{padding}: raw `6.25rem` \u2014 no Remote token resolves to this value; nearest token: --chrome-nav-logo-w [foreign-brand value: matches HubSpot --chrome-nav-logo-w]; .cs-footer-sec{padding-top}: raw `6.25rem` \u2014 no Remote token resolves to this value; nearest token: --chrome-nav-logo-w [foreign-brand value: matches HubSpot --chrome-nav-logo-w]; allowlisted: 7"
    ],
    [
      "logo-wall-integrity",
      "logo-wall sections=2; problems=['logo-wall section rendered neither logo images nor text']"
    ]
  ],
  "schema_errors": [],
  "neverdo_hits": [],
  "scorecard_overall": null
}
