  offGridExpansion=False (from style)
  [attempt 0] 83.8s  in=22685 out=7056
    gate: PASS
{
  "ok": true,
  "attempts": 1,
  "wall_s": 88.3,
  "style": "corporate-saas-clean",
  "out_dir": "/Users/stanchev/Webflow/campaigns-hackathon/design-system-extractor-mine/runs/remote/brand/compose/signup-launch",
  "offGridExpansion": false,
  "sections": [
    {
      "id": "hero",
      "useCase": "hero",
      "archetype": "stack",
      "novelty": "adapt",
      "surfaceIntent": "primary",
      "seededFrom": {
        "lib": "project",
        "id": "hero-inset-noise-panel"
      }
    },
    {
      "id": "logos",
      "useCase": "logos",
      "archetype": "stack",
      "novelty": "reuse",
      "surfaceIntent": "primary",
      "seededFrom": {
        "lib": "project",
        "id": "logo-marquee-strip"
      }
    },
    {
      "id": "features",
      "useCase": "features",
      "archetype": "cards",
      "novelty": "adapt",
      "surfaceIntent": "primary",
      "seededFrom": {
        "lib": "project",
        "id": "feature-accordion-deep-accent"
      }
    },
    {
      "id": "testimonial",
      "useCase": "testimonial",
      "archetype": "stack",
      "novelty": "adapt",
      "surfaceIntent": "primary",
      "seededFrom": {
        "lib": "project",
        "id": "testimonial-card-row"
      }
    },
    {
      "id": "cta",
      "useCase": "cta",
      "archetype": "stack",
      "novelty": "reuse",
      "surfaceIntent": "primary",
      "seededFrom": {
        "lib": "project",
        "id": "cta-inline-banner"
      }
    },
    {
      "id": "footer",
      "useCase": "footer",
      "archetype": "stack",
      "novelty": "adapt",
      "surfaceIntent": "primary",
      "seededFrom": {
        "lib": "project",
        "id": "logo-marquee-strip"
      }
    }
  ],
  "failures": [],
  "schema_errors": [],
  "neverdo_hits": [],
  "scorecard_overall": true
}
