$ /Users/stanchev/Webflow/campaigns-hackathon/design-system-extractor-mine/venv/bin/python /Users/stanchev/Webflow/campaigns-hackathon/design-system-extractor-mine/brand_pipeline/onbrand_check.py /Users/stanchev/Webflow/campaigns-hackathon/design-system-extractor-mine/runs/hubspot-v2/brand/brand.yaml /Users/stanchev/Webflow/campaigns-hackathon/design-system-extractor-mine/experiments/ui-skills-relume-ab/lane-b --layout hero --style corporate-saas-clean --composition --report onbrand-report.md

--- stdout ---
Wrote /Users/stanchev/Webflow/campaigns-hackathon/design-system-extractor-mine/experiments/ui-skills-relume-ab/lane-b/onbrand-report.md
Wrote /Users/stanchev/Webflow/campaigns-hackathon/design-system-extractor-mine/experiments/ui-skills-relume-ab/lane-b/onbrand-report.json
neverDo (hard):
  [PASS] never-heavy-headings
  [PASS] never-dark-mid-page
  [PASS] never-text-logos
style definition (corporate-saas-clean, advisory — never gates OVERALL):
  [PASS] [INVARIANT] Display rides the brand's measured display tier
  [WARN] [INVARIANT] One disciplined accent: reserved for CTAs, links, and key icons only;
  [WARN] [SOFT] Radius matches brand choice
  [PASS] [INVARIANT] Comfortable, consistent spacing: generous air, even vertical rhythm,
  [PASS] [INVARIANT] Single committed accent (no second accent)
  [WARN] Container-query units only (0 viewport units)
composition invariants (HARD):
  [PASS] single-accent
  [PASS] primitive-only
  [PASS] rhythm
  [PASS] data-composition
  [PASS] slot-resolution
  [PASS] text-contrast
  [PASS] decoration-salience
  [PASS] occlusion
  [PASS] band-attribution
  [PASS] alignment-resolution
  [PASS] media-registration
  [PASS] interaction-contrast
  [PASS] token-provenance
  [PASS] logo-wall-integrity
  [PASS] archetype-physics:hero
  [PASS] knob-consumption
  [PASS] content-redundancy
  [PASS] duplicate-copy
  [PASS] semantic-grouping
  [PASS] section-completeness
  [PASS] visual-anchor
  [PASS] page-rhythm
  [PASS] hero-balance
  [PASS] wireframe-consumption
  [PASS] component-fit
  [PASS] testimonial-integrity
  [PASS] grid-fill
  [PASS] media-binding
  [PASS] mark-legality
OVERALL: PASS

--- stderr ---

--- exit=0 ---
